#
# There is insufficient memory for the Java Runtime Environment to continue.
# Native memory allocation (mmap) failed to map 1073741824 bytes for G1 virtual space
# Possible reasons:
#   The system is out of physical RAM or swap space
#   The process is running with CompressedOops enabled, and the Java Heap may be blocking the growth of the native heap
# Possible solutions:
#   Reduce memory load on the system
#   Increase physical memory or swap space
#   Check if swap backing store is full
#   Decrease Java heap size (-Xmx/-Xms)
#   Decrease number of Java threads
#   Decrease Java thread stack sizes (-Xss)
#   Set larger code cache with -XX:ReservedCodeCacheSize=
#   JVM is running with Zero Based Compressed Oops mode in which the Java heap is
#     placed in the first 32GB address space. The Java Heap base address is the
#     maximum limit for the native heap growth. Please use -XX:HeapBaseMinAddress
#     to set the Java Heap base and to place the Java Heap above 32GB virtual address.
# This output file may be truncated or incomplete.
#
#  Out of Memory Error (os_windows.cpp:3535), pid=83512, tid=62512
#
# JRE version:  (17.0.4.1+1) (build )
# Java VM: Java HotSpot(TM) 64-Bit Server VM (17.0.4.1+1-LTS-2, mixed mode, sharing, tiered, compressed oops, compressed class ptrs, g1 gc, windows-amd64)
# Core dump will be written. Default location: C:\Users\MaSikharulidze\IdeaProjects\Davaleba\hs_err_pid83512.mdmp
#

---------------  S U M M A R Y ------------

Command Line: -ea -Didea.test.cyclic.buffer.size=1048576 -javaagent:C:\Program Files\JetBrains\IntelliJ IDEA Community Edition 2023.2\lib\idea_rt.jar=58548:C:\Program Files\JetBrains\IntelliJ IDEA Community Edition 2023.2\bin -Dfile.encoding=UTF-8 com.intellij.rt.testng.RemoteTestNGStarter -usedefaultlisteners false -socket58547 @w@C:\Users\MaSikharulidze\AppData\Local\Temp\30\idea_working_dirs_testng.tmp -temp C:\Users\MaSikharulidze\AppData\Local\Temp\30\idea_testng.tmp

Host: Intel(R) Xeon(R) Gold 6342 CPU @ 2.80GHz, 16 cores, 63G,  Windows Server 2022 , 64 bit Build 20348 (10.0.20348.4648)
Time: Mon Mar  9 18:50:32 2026 Georgian Standard Time elapsed time: 0.010951 seconds (0d 0h 0m 0s)

---------------  T H R E A D  ---------------

Current thread (0x0000021769fe6590):  JavaThread "Unknown thread" [_thread_in_vm, id=62512, stack(0x000000e8f8f00000,0x000000e8f9000000)]

Stack: [0x000000e8f8f00000,0x000000e8f9000000]
Native frames: (J=compiled Java code, j=interpreted, Vv=VM code, C=native code)
V  [jvm.dll+0x6723ba]
V  [jvm.dll+0x7d1e34]
V  [jvm.dll+0x7d35de]
V  [jvm.dll+0x7d3c43]
V  [jvm.dll+0x243065]
V  [jvm.dll+0x66f2d9]
V  [jvm.dll+0x663c22]
V  [jvm.dll+0x3011cb]
V  [jvm.dll+0x308766]
V  [jvm.dll+0x35846e]
V  [jvm.dll+0x35869f]
V  [jvm.dll+0x2d83e8]
V  [jvm.dll+0x2d9354]
V  [jvm.dll+0x7a3911]
V  [jvm.dll+0x3662c1]
V  [jvm.dll+0x782d7c]
V  [jvm.dll+0x3e8c1f]
V  [jvm.dll+0x3ea6c1]
C  [jli.dll+0x527b]
C  [ucrtbase.dll+0x26b4c]
C  [KERNEL32.DLL+0x14cb0]
C  [ntdll.dll+0x7edfb]


---------------  P R O C E S S  ---------------

Threads class SMR info:
_java_thread_list=0x00007ffb9f39a858, length=0, elements={
}

Java Threads: ( => current thread )

Other Threads:
  0x00000217782019b0 GCTaskThread "GC Thread#0" [stack: 0x000000e8f9000000,0x000000e8f9100000] [id=26880]
  0x000002176a0a6a20 ConcurrentGCThread "G1 Main Marker" [stack: 0x000000e8f9100000,0x000000e8f9200000] [id=18836]
  0x000002176a0a8440 ConcurrentGCThread "G1 Conc#0" [stack: 0x000000e8f9200000,0x000000e8f9300000] [id=35060]

[error occurred during error reporting (printing all threads), id 0xc0000005, EXCEPTION_ACCESS_VIOLATION (0xc0000005) at pc=0x00007ffb9ebe8dd7]

VM state: not at safepoint (not fully initialized)

VM Mutex/Monitor currently owned by a thread:  ([mutex/lock_event])
[0x0000021769fe39d0] Heap_lock - owner thread: 0x0000021769fe6590

Heap address: 0x0000000400000000, size: 16384 MB, Compressed Oops mode: Zero based, Oop shift amount: 3

CDS archive(s) mapped at: [0x0000000000000000-0x0000000000000000-0x0000000000000000), size 0, SharedBaseAddress: 0x0000000800000000, ArchiveRelocationMode: 0.
Narrow klass base: 0x0000000000000000, Narrow klass shift: 0, Narrow klass range: 0x0

GC Precious Log:
<Empty>

Heap:
 garbage-first heap   total 0K, used 0K [0x0000000400000000, 0x0000000800000000)
  region size 8192K, 0 young (0K), 0 survivors (0K)

[error occurred during error reporting (printing heap information), id 0xc0000005, EXCEPTION_ACCESS_VIOLATION (0xc0000005) at pc=0x00007ffb9efcb869]

GC Heap History (0 events):
No events

Deoptimization events (0 events):
No events

Classes unloaded (0 events):
No events

Classes redefined (0 events):
No events

Internal exceptions (0 events):
No events

VM Operations (0 events):
No events

Events (1 events):
Event: 0.005 Loaded shared library C:\Program Files\Java\jdk-17.0.4.1\bin\java.dll


Dynamic libraries:
0x00007ff6b2710000 - 0x00007ff6b2720000 	C:\Program Files\Java\jdk-17.0.4.1\bin\java.exe
0x00007ffbc7320000 - 0x00007ffbc7524000 	C:\Windows\SYSTEM32\ntdll.dll
0x00007ffbc62c0000 - 0x00007ffbc637c000 	C:\Windows\System32\KERNEL32.DLL
0x00007ffbc49e0000 - 0x00007ffbc4d51000 	C:\Windows\System32\KERNELBASE.dll
0x00007ffbc50a0000 - 0x00007ffbc51b0000 	C:\Windows\System32\ucrtbase.dll
0x00007ffba3150000 - 0x00007ffba3168000 	C:\Program Files\Java\jdk-17.0.4.1\bin\jli.dll
0x00007ffba3130000 - 0x00007ffba314a000 	C:\Program Files\Java\jdk-17.0.4.1\bin\VCRUNTIME140.dll
0x00007ffbc6120000 - 0x00007ffbc61d1000 	C:\Windows\System32\ADVAPI32.dll
0x00007ffbc5250000 - 0x00007ffbc52f3000 	C:\Windows\System32\msvcrt.dll
0x00007ffbc6920000 - 0x00007ffbc69c2000 	C:\Windows\System32\sechost.dll
0x00007ffbc49b0000 - 0x00007ffbc49d7000 	C:\Windows\System32\bcrypt.dll
0x00007ffbc5fa0000 - 0x00007ffbc60c0000 	C:\Windows\System32\RPCRT4.dll
0x00007ffbc5300000 - 0x00007ffbc54a6000 	C:\Windows\System32\USER32.dll
0x00007ffbafb90000 - 0x00007ffbafe35000 	C:\Windows\WinSxS\amd64_microsoft.windows.common-controls_6595b64144ccf1df_6.0.20348.4767_none_9478b5c5eeefc44b\COMCTL32.dll
0x00007ffbc4880000 - 0x00007ffbc48a6000 	C:\Windows\System32\win32u.dll
0x00007ffbc68f0000 - 0x00007ffbc691c000 	C:\Windows\System32\GDI32.dll
0x00007ffbc4f80000 - 0x00007ffbc509c000 	C:\Windows\System32\gdi32full.dll
0x00007ffbc51b0000 - 0x00007ffbc5250000 	C:\Windows\System32\msvcp_win.dll
0x00007ffbb7970000 - 0x00007ffbb797a000 	C:\Windows\SYSTEM32\VERSION.dll
0x00007ffbc54e0000 - 0x00007ffbc5511000 	C:\Windows\System32\IMM32.DLL
0x00007ffba3120000 - 0x00007ffba312c000 	C:\Program Files\Java\jdk-17.0.4.1\bin\vcruntime140_1.dll
0x00007ffba3010000 - 0x00007ffba309d000 	C:\Program Files\Java\jdk-17.0.4.1\bin\msvcp140.dll
0x00007ffb9e900000 - 0x00007ffb9f4c2000 	C:\Program Files\Java\jdk-17.0.4.1\bin\server\jvm.dll
0x00007ffbc68e0000 - 0x00007ffbc68e8000 	C:\Windows\System32\PSAPI.DLL
0x00007ffbb4670000 - 0x00007ffbb4679000 	C:\Windows\SYSTEM32\WSOCK32.dll
0x00007ffbb5ed0000 - 0x00007ffbb5ef7000 	C:\Windows\SYSTEM32\WINMM.dll
0x00007ffbc6410000 - 0x00007ffbc6481000 	C:\Windows\System32\WS2_32.dll
0x00007ffbc30f0000 - 0x00007ffbc3107000 	C:\Windows\SYSTEM32\kernel.appcore.dll
0x00007ffba3110000 - 0x00007ffba311a000 	C:\Program Files\Java\jdk-17.0.4.1\bin\jimage.dll
0x00007ffbba570000 - 0x00007ffbba790000 	C:\Windows\SYSTEM32\DBGHELP.DLL
0x00007ffbba180000 - 0x00007ffbba1b0000 	C:\Windows\SYSTEM32\dbgcore.DLL
0x00007ffbc4930000 - 0x00007ffbc49af000 	C:\Windows\System32\bcryptPrimitives.dll
0x00007ffbb0930000 - 0x00007ffbb093e000 	C:\Program Files\Java\jdk-17.0.4.1\bin\instrument.dll
0x00007ffba2fe0000 - 0x00007ffba3005000 	C:\Program Files\Java\jdk-17.0.4.1\bin\java.dll

dbghelp: loaded successfully - version: 4.0.5 - missing functions: none
symbol engine: initialized successfully - sym options: 0x614 - pdb path: .;C:\Program Files\Java\jdk-17.0.4.1\bin;C:\Windows\SYSTEM32;C:\Windows\WinSxS\amd64_microsoft.windows.common-controls_6595b64144ccf1df_6.0.20348.4767_none_9478b5c5eeefc44b;C:\Program Files\Java\jdk-17.0.4.1\bin\server

VM Arguments:
jvm_args: -ea -Didea.test.cyclic.buffer.size=1048576 -javaagent:C:\Program Files\JetBrains\IntelliJ IDEA Community Edition 2023.2\lib\idea_rt.jar=58548:C:\Program Files\JetBrains\IntelliJ IDEA Community Edition 2023.2\bin -Dfile.encoding=UTF-8 
java_command: com.intellij.rt.testng.RemoteTestNGStarter -usedefaultlisteners false -socket58547 @w@C:\Users\MaSikharulidze\AppData\Local\Temp\30\idea_working_dirs_testng.tmp -temp C:\Users\MaSikharulidze\AppData\Local\Temp\30\idea_testng.tmp
java_class_path (initial): C:\Program Files\JetBrains\IntelliJ IDEA Community Edition 2023.2\lib\idea_rt.jar;C:\Program Files\JetBrains\IntelliJ IDEA Community Edition 2023.2\plugins\testng\lib\testng-rt.jar;C:\Users\MaSikharulidze\IdeaProjects\Davaleba\target\test-classes;C:\Users\MaSikharulidze\IdeaProjects\Davaleba\target\classes;C:\Users\MaSikharulidze\.m2\repository\com\microsoft\playwright\playwright\1.43.0\playwright-1.43.0.jar;C:\Users\MaSikharulidze\.m2\repository\com\google\code\gson\gson\2.10.1\gson-2.10.1.jar;C:\Users\MaSikharulidze\.m2\repository\org\opentest4j\opentest4j\1.3.0\opentest4j-1.3.0.jar;C:\Users\MaSikharulidze\.m2\repository\com\microsoft\playwright\driver\1.43.0\driver-1.43.0.jar;C:\Users\MaSikharulidze\.m2\repository\com\microsoft\playwright\driver-bundle\1.43.0\driver-bundle-1.43.0.jar;C:\Users\MaSikharulidze\.m2\repository\org\testng\testng\7.9.0\testng-7.9.0.jar;C:\Users\MaSikharulidze\.m2\repository\org\slf4j\slf4j-api\1.7.36\slf4j-api-1.7.36.jar;C:\Users\MaSikharulidze\.m2\repository\com\beust\jcommander\1.82\jcommander-1.82.jar;C:\Users\MaSikharulidze\.m2\repository\org\webjars\jquery\3.7.1\jquery-3.7.1.jar
Launcher Type: SUN_STANDARD

[Global flags]
     intx CICompilerCount                          = 12                                        {product} {ergonomic}
     uint ConcGCThreads                            = 3                                         {product} {ergonomic}
     uint G1ConcRefinementThreads                  = 13                                        {product} {ergonomic}
   size_t G1HeapRegionSize                         = 8388608                                   {product} {ergonomic}
    uintx GCDrainStackTargetSize                   = 64                                        {product} {ergonomic}
   size_t InitialHeapSize                          = 1073741824                                {product} {ergonomic}
   size_t MarkStackSize                            = 4194304                                   {product} {ergonomic}
   size_t MaxHeapSize                              = 17179869184                               {product} {ergonomic}
   size_t MinHeapDeltaBytes                        = 8388608                                   {product} {ergonomic}
   size_t MinHeapSize                              = 8388608                                   {product} {ergonomic}
    uintx NonNMethodCodeHeapSize                   = 7602480                                {pd product} {ergonomic}
    uintx NonProfiledCodeHeapSize                  = 122027880                              {pd product} {ergonomic}
    uintx ProfiledCodeHeapSize                     = 122027880                              {pd product} {ergonomic}
    uintx ReservedCodeCacheSize                    = 251658240                              {pd product} {ergonomic}
     bool SegmentedCodeCache                       = true                                      {product} {ergonomic}
   size_t SoftMaxHeapSize                          = 17179869184                            {manageable} {ergonomic}
     bool UseCompressedClassPointers               = true                           {product lp64_product} {ergonomic}
     bool UseCompressedOops                        = true                           {product lp64_product} {ergonomic}
     bool UseG1GC                                  = true                                      {product} {ergonomic}
     bool UseLargePagesIndividualAllocation        = false                                  {pd product} {ergonomic}

Logging:
Log output configuration:
 #0: stdout all=warning uptime,level,tags
 #1: stderr all=off uptime,level,tags

Environment Variables:
JAVA_HOME=C:\Program Files\Java\jdk-17.0.4.1
PATH=$($env:PATH);C:\Program Files\k6;C:\Program Files\PowerShell\7\;C:\Windows\System32\WindowsPowerShell\v1.0;C:\Windows\System32;C:\Program Files\Java\jdk-17.0.4.1\bin;C:\Program Files\Docker\Docker\resources\bin;C:\Program Files\Git\bin;C:\Users\MaSikharulidze\AppData\Local\Microsoft\WindowsApps;
USERNAME=MaSikharulidze
OS=Windows_NT
PROCESSOR_IDENTIFIER=Intel64 Family 6 Model 79 Stepping 0, GenuineIntel



---------------  S Y S T E M  ---------------

OS:
 Windows Server 2022 , 64 bit Build 20348 (10.0.20348.4648)
OS uptime: 25 days 18:28 hours
Hyper-V role detected

CPU: total 16 (initial active 16) (2 cores per cpu, 1 threads per core) family 6 model 79 stepping 0 microcode 0xd0003e7, cx8, cmov, fxsr, mmx, 3dnowpref, sse, sse2, sse3, ssse3, sse4.1, sse4.2, popcnt, lzcnt, tsc, tscinvbit, avx, avx2, aes, erms, clmul, bmi1, bmi2, adx, fma, vzeroupper, clflush, hv

Memory: 4k page, system-wide physical 65535M (866M free)
TotalPageFile size 103920M (AvailPageFile size 936M)
current process WorkingSet (physical memory assigned to process): 11M, peak: 11M
current process commit charge ("private bytes"): 71M, peak: 1095M

vm_info: Java HotSpot(TM) 64-Bit Server VM (17.0.4.1+1-LTS-2) for windows-amd64 JRE (17.0.4.1+1-LTS-2), built on Aug 16 2022 18:32:06 by "mach5one" with MS VC++ 16.8 / 16.9 (VS2019)

END.
